Selected GPU: 4
Using device: cuda:4
ACC ON: 3317977
ACC OFF: 5747608
Epoch 1/200 | Loss: 0.3965 | Acc: 0.6076 | Prec: 0.4814 | Recall: 0.9382 | F1: 0.6363
Epoch 2/200 | Loss: 0.3975 | Acc: 0.6039 | Prec: 0.4790 | Recall: 0.9417 | F1: 0.6350
Epoch 3/200 | Loss: 0.3975 | Acc: 0.6073 | Prec: 0.4812 | Recall: 0.9386 | F1: 0.6362
Epoch 4/200 | Loss: 0.3932 | Acc: 0.7497 | Prec: 0.6157 | Recall: 0.8403 | F1: 0.7107
Epoch 5/200 | Loss: 0.3411 | Acc: 0.7485 | Prec: 0.6059 | Recall: 0.8938 | F1: 0.7223
Epoch 6/200 | Loss: 0.3399 | Acc: 0.7355 | Prec: 0.5915 | Recall: 0.8958 | F1: 0.7125
Epoch 7/200 | Loss: 0.3395 | Acc: 0.7515 | Prec: 0.6101 | Recall: 0.8881 | F1: 0.7234
Epoch 8/200 | Loss: 0.3398 | Acc: 0.7541 | Prec: 0.6144 | Recall: 0.8805 | F1: 0.7237
Epoch 9/200 | Loss: 0.3399 | Acc: 0.7523 | Prec: 0.6112 | Recall: 0.8877 | F1: 0.7240
Epoch 10/200 | Loss: 0.3397 | Acc: 0.7530 | Prec: 0.6130 | Recall: 0.8808 | F1: 0.7229
Epoch 11/200 | Loss: 0.3400 | Acc: 0.7534 | Prec: 0.6129 | Recall: 0.8848 | F1: 0.7242
Epoch 12/200 | Loss: 0.3393 | Acc: 0.7668 | Prec: 0.6330 | Recall: 0.8630 | F1: 0.7303
Epoch 13/200 | Loss: 0.3394 | Acc: 0.7325 | Prec: 0.5879 | Recall: 0.8983 | F1: 0.7107
Epoch 14/200 | Loss: 0.3388 | Acc: 0.7527 | Prec: 0.6117 | Recall: 0.8870 | F1: 0.7241
Epoch 15/200 | Loss: 0.3393 | Acc: 0.7572 | Prec: 0.6186 | Recall: 0.8774 | F1: 0.7256
Epoch 16/200 | Loss: 0.3388 | Acc: 0.7488 | Prec: 0.6063 | Recall: 0.8936 | F1: 0.7224
Epoch 17/200 | Loss: 0.3390 | Acc: 0.7529 | Prec: 0.6123 | Recall: 0.8852 | F1: 0.7239
Epoch 18/200 | Loss: 0.3387 | Acc: 0.7535 | Prec: 0.6132 | Recall: 0.8835 | F1: 0.7240
Epoch 19/200 | Loss: 0.3391 | Acc: 0.7517 | Prec: 0.6103 | Recall: 0.8894 | F1: 0.7239
Epoch 20/200 | Loss: 0.3388 | Acc: 0.7524 | Prec: 0.6115 | Recall: 0.8870 | F1: 0.7239
Epoch 21/200 | Loss: 0.3399 | Acc: 0.7513 | Prec: 0.6097 | Recall: 0.8899 | F1: 0.7236
Epoch 22/200 | Loss: 0.3391 | Acc: 0.7513 | Prec: 0.6096 | Recall: 0.8905 | F1: 0.7238
Epoch 23/200 | Loss: 0.3379 | Acc: 0.7514 | Prec: 0.6099 | Recall: 0.8893 | F1: 0.7236
Epoch 24/200 | Loss: 0.3376 | Acc: 0.7518 | Prec: 0.6101 | Recall: 0.8906 | F1: 0.7242
Epoch 25/200 | Loss: 0.3374 | Acc: 0.7515 | Prec: 0.6102 | Recall: 0.8882 | F1: 0.7234
Epoch 26/200 | Loss: 0.3374 | Acc: 0.7516 | Prec: 0.6100 | Recall: 0.8906 | F1: 0.7241
Epoch 27/200 | Loss: 0.3374 | Acc: 0.7499 | Prec: 0.6077 | Recall: 0.8925 | F1: 0.7231
Epoch 28/200 | Loss: 0.3376 | Acc: 0.7520 | Prec: 0.6108 | Recall: 0.8885 | F1: 0.7239
Epoch 29/200 | Loss: 0.3376 | Acc: 0.7525 | Prec: 0.6113 | Recall: 0.8886 | F1: 0.7243
Epoch 30/200 | Loss: 0.3378 | Acc: 0.7510 | Prec: 0.6095 | Recall: 0.8890 | F1: 0.7232
Epoch 31/200 | Loss: 0.3372 | Acc: 0.7527 | Prec: 0.6116 | Recall: 0.8883 | F1: 0.7244
Epoch 32/200 | Loss: 0.3374 | Acc: 0.7509 | Prec: 0.6090 | Recall: 0.8912 | F1: 0.7236
Epoch 33/200 | Loss: 0.3373 | Acc: 0.7512 | Prec: 0.6093 | Recall: 0.8917 | F1: 0.7239
Epoch 34/200 | Loss: 0.3374 | Acc: 0.7476 | Prec: 0.6048 | Recall: 0.8948 | F1: 0.7217
Epoch 35/200 | Loss: 0.3372 | Acc: 0.7519 | Prec: 0.6103 | Recall: 0.8906 | F1: 0.7243
Epoch 36/200 | Loss: 0.3372 | Acc: 0.7516 | Prec: 0.6099 | Recall: 0.8909 | F1: 0.7241
Epoch 37/200 | Loss: 0.3371 | Acc: 0.7506 | Prec: 0.6086 | Recall: 0.8922 | F1: 0.7236
Epoch 38/200 | Loss: 0.3371 | Acc: 0.7504 | Prec: 0.6084 | Recall: 0.8920 | F1: 0.7234
Epoch 39/200 | Loss: 0.3372 | Acc: 0.7530 | Prec: 0.6119 | Recall: 0.8879 | F1: 0.7245
Epoch 40/200 | Loss: 0.3372 | Acc: 0.7523 | Prec: 0.6110 | Recall: 0.8893 | F1: 0.7243
Epoch 41/200 | Loss: 0.3371 | Acc: 0.7495 | Prec: 0.6072 | Recall: 0.8929 | F1: 0.7228
Epoch 42/200 | Loss: 0.3370 | Acc: 0.7474 | Prec: 0.6046 | Recall: 0.8946 | F1: 0.7215
Epoch 43/200 | Loss: 0.3372 | Acc: 0.7500 | Prec: 0.6078 | Recall: 0.8928 | F1: 0.7232
Epoch 44/200 | Loss: 0.3371 | Acc: 0.7525 | Prec: 0.6112 | Recall: 0.8885 | F1: 0.7242
Epoch 45/200 | Loss: 0.3372 | Acc: 0.7525 | Prec: 0.6114 | Recall: 0.8882 | F1: 0.7242
Epoch 46/200 | Loss: 0.3371 | Acc: 0.7515 | Prec: 0.6098 | Recall: 0.8913 | F1: 0.7241
Epoch 47/200 | Loss: 0.3370 | Acc: 0.7527 | Prec: 0.6114 | Recall: 0.8889 | F1: 0.7245
Epoch 48/200 | Loss: 0.3371 | Acc: 0.7506 | Prec: 0.6087 | Recall: 0.8907 | F1: 0.7232
Epoch 49/200 | Loss: 0.3367 | Acc: 0.7521 | Prec: 0.6106 | Recall: 0.8898 | F1: 0.7242
Epoch 50/200 | Loss: 0.3366 | Acc: 0.7529 | Prec: 0.6119 | Recall: 0.8880 | F1: 0.7245
Epoch 51/200 | Loss: 0.3366 | Acc: 0.7518 | Prec: 0.6103 | Recall: 0.8897 | F1: 0.7240
Epoch 52/200 | Loss: 0.3366 | Acc: 0.7475 | Prec: 0.6049 | Recall: 0.8929 | F1: 0.7212
Epoch 53/200 | Loss: 0.3365 | Acc: 0.7505 | Prec: 0.6084 | Recall: 0.8927 | F1: 0.7236
Epoch 54/200 | Loss: 0.3366 | Acc: 0.7524 | Prec: 0.6111 | Recall: 0.8892 | F1: 0.7244
Epoch 55/200 | Loss: 0.3365 | Acc: 0.7515 | Prec: 0.6098 | Recall: 0.8908 | F1: 0.7240
Epoch 56/200 | Loss: 0.3366 | Acc: 0.7510 | Prec: 0.6091 | Recall: 0.8915 | F1: 0.7237
Epoch 57/200 | Loss: 0.3366 | Acc: 0.7524 | Prec: 0.6110 | Recall: 0.8896 | F1: 0.7245
Epoch 58/200 | Loss: 0.3364 | Acc: 0.7523 | Prec: 0.6109 | Recall: 0.8893 | F1: 0.7243
Epoch 59/200 | Loss: 0.3364 | Acc: 0.7521 | Prec: 0.6106 | Recall: 0.8902 | F1: 0.7244
Epoch 60/200 | Loss: 0.3364 | Acc: 0.7521 | Prec: 0.6106 | Recall: 0.8905 | F1: 0.7244
Epoch 61/200 | Loss: 0.3364 | Acc: 0.7516 | Prec: 0.6097 | Recall: 0.8919 | F1: 0.7243
Epoch 62/200 | Loss: 0.3364 | Acc: 0.7522 | Prec: 0.6107 | Recall: 0.8904 | F1: 0.7245
Epoch 63/200 | Loss: 0.3363 | Acc: 0.7535 | Prec: 0.6127 | Recall: 0.8872 | F1: 0.7248
Epoch 64/200 | Loss: 0.3363 | Acc: 0.7484 | Prec: 0.6057 | Recall: 0.8950 | F1: 0.7225
Epoch 65/200 | Loss: 0.3362 | Acc: 0.7530 | Prec: 0.6118 | Recall: 0.8889 | F1: 0.7248
Epoch 66/200 | Loss: 0.3361 | Acc: 0.7512 | Prec: 0.6092 | Recall: 0.8922 | F1: 0.7241
Epoch 67/200 | Loss: 0.3361 | Acc: 0.7525 | Prec: 0.6114 | Recall: 0.8878 | F1: 0.7241
Epoch 68/200 | Loss: 0.3360 | Acc: 0.7523 | Prec: 0.6107 | Recall: 0.8910 | F1: 0.7247
Epoch 69/200 | Loss: 0.3360 | Acc: 0.7524 | Prec: 0.6108 | Recall: 0.8907 | F1: 0.7247
Epoch 70/200 | Loss: 0.3359 | Acc: 0.7506 | Prec: 0.6086 | Recall: 0.8924 | F1: 0.7237
Epoch 71/200 | Loss: 0.3359 | Acc: 0.7527 | Prec: 0.6113 | Recall: 0.8896 | F1: 0.7247
Epoch 72/200 | Loss: 0.3359 | Acc: 0.7522 | Prec: 0.6105 | Recall: 0.8921 | F1: 0.7249
Epoch 73/200 | Loss: 0.3358 | Acc: 0.7504 | Prec: 0.6082 | Recall: 0.8934 | F1: 0.7237
Epoch 74/200 | Loss: 0.3358 | Acc: 0.7523 | Prec: 0.6105 | Recall: 0.8923 | F1: 0.7249
Epoch 75/200 | Loss: 0.3357 | Acc: 0.7523 | Prec: 0.6105 | Recall: 0.8919 | F1: 0.7248
Epoch 76/200 | Loss: 0.3357 | Acc: 0.7523 | Prec: 0.6104 | Recall: 0.8928 | F1: 0.7251
Epoch 77/200 | Loss: 0.3356 | Acc: 0.7515 | Prec: 0.6094 | Recall: 0.8932 | F1: 0.7245
Epoch 78/200 | Loss: 0.3355 | Acc: 0.7512 | Prec: 0.6090 | Recall: 0.8937 | F1: 0.7244
Epoch 79/200 | Loss: 0.3354 | Acc: 0.7466 | Prec: 0.6035 | Recall: 0.8963 | F1: 0.7213
Epoch 80/200 | Loss: 0.3354 | Acc: 0.7529 | Prec: 0.6113 | Recall: 0.8913 | F1: 0.7252
Epoch 81/200 | Loss: 0.3353 | Acc: 0.7353 | Prec: 0.5907 | Recall: 0.9002 | F1: 0.7133
Epoch 82/200 | Loss: 0.3352 | Acc: 0.7541 | Prec: 0.6127 | Recall: 0.8911 | F1: 0.7261
Epoch 83/200 | Loss: 0.3351 | Acc: 0.7532 | Prec: 0.6115 | Recall: 0.8925 | F1: 0.7258
Epoch 84/200 | Loss: 0.3351 | Acc: 0.7516 | Prec: 0.6092 | Recall: 0.8955 | F1: 0.7251
Epoch 85/200 | Loss: 0.3350 | Acc: 0.7536 | Prec: 0.6121 | Recall: 0.8919 | F1: 0.7260
Epoch 86/200 | Loss: 0.3351 | Acc: 0.7530 | Prec: 0.6111 | Recall: 0.8937 | F1: 0.7259
Epoch 87/200 | Loss: 0.3350 | Acc: 0.7517 | Prec: 0.6094 | Recall: 0.8951 | F1: 0.7251
Epoch 88/200 | Loss: 0.3349 | Acc: 0.7525 | Prec: 0.6106 | Recall: 0.8936 | F1: 0.7255
Epoch 89/200 | Loss: 0.3349 | Acc: 0.7526 | Prec: 0.6107 | Recall: 0.8935 | F1: 0.7255
Epoch 90/200 | Loss: 0.3349 | Acc: 0.7514 | Prec: 0.6090 | Recall: 0.8955 | F1: 0.7250
Epoch 91/200 | Loss: 0.3349 | Acc: 0.7525 | Prec: 0.6105 | Recall: 0.8936 | F1: 0.7254
Epoch 92/200 | Loss: 0.3349 | Acc: 0.7519 | Prec: 0.6098 | Recall: 0.8944 | F1: 0.7252
Epoch 93/200 | Loss: 0.3349 | Acc: 0.7526 | Prec: 0.6111 | Recall: 0.8910 | F1: 0.7250
Epoch 94/200 | Loss: 0.3348 | Acc: 0.7519 | Prec: 0.6096 | Recall: 0.8946 | F1: 0.7251
Epoch 95/200 | Loss: 0.3348 | Acc: 0.7532 | Prec: 0.6114 | Recall: 0.8930 | F1: 0.7258
Epoch 96/200 | Loss: 0.3348 | Acc: 0.7531 | Prec: 0.6113 | Recall: 0.8929 | F1: 0.7258
Epoch 97/200 | Loss: 0.3348 | Acc: 0.7533 | Prec: 0.6116 | Recall: 0.8925 | F1: 0.7258
Epoch 98/200 | Loss: 0.3347 | Acc: 0.7509 | Prec: 0.6083 | Recall: 0.8960 | F1: 0.7247
Epoch 99/200 | Loss: 0.3348 | Acc: 0.7506 | Prec: 0.6081 | Recall: 0.8953 | F1: 0.7242
Epoch 100/200 | Loss: 0.3347 | Acc: 0.7525 | Prec: 0.6105 | Recall: 0.8932 | F1: 0.7253
Epoch 101/200 | Loss: 0.3348 | Acc: 0.7520 | Prec: 0.6099 | Recall: 0.8942 | F1: 0.7252
Epoch 102/200 | Loss: 0.3347 | Acc: 0.7447 | Prec: 0.6013 | Recall: 0.8971 | F1: 0.7200
Epoch 103/200 | Loss: 0.3347 | Acc: 0.7526 | Prec: 0.6106 | Recall: 0.8940 | F1: 0.7256
Epoch 104/200 | Loss: 0.3347 | Acc: 0.7512 | Prec: 0.6087 | Recall: 0.8958 | F1: 0.7249
Epoch 105/200 | Loss: 0.3347 | Acc: 0.7498 | Prec: 0.6071 | Recall: 0.8961 | F1: 0.7238
Epoch 106/200 | Loss: 0.3346 | Acc: 0.7514 | Prec: 0.6090 | Recall: 0.8954 | F1: 0.7249
Epoch 107/200 | Loss: 0.3346 | Acc: 0.7538 | Prec: 0.6124 | Recall: 0.8914 | F1: 0.7260
Epoch 108/200 | Loss: 0.3346 | Acc: 0.7536 | Prec: 0.6120 | Recall: 0.8923 | F1: 0.7260
Epoch 109/200 | Loss: 0.3346 | Acc: 0.7547 | Prec: 0.6140 | Recall: 0.8878 | F1: 0.7259
Epoch 110/200 | Loss: 0.3345 | Acc: 0.7335 | Prec: 0.5886 | Recall: 0.9026 | F1: 0.7125
Epoch 111/200 | Loss: 0.3346 | Acc: 0.7516 | Prec: 0.6092 | Recall: 0.8954 | F1: 0.7251
Epoch 112/200 | Loss: 0.3347 | Acc: 0.7527 | Prec: 0.6107 | Recall: 0.8938 | F1: 0.7256
Epoch 113/200 | Loss: 0.3346 | Acc: 0.7508 | Prec: 0.6083 | Recall: 0.8953 | F1: 0.7245
Epoch 114/200 | Loss: 0.3346 | Acc: 0.7529 | Prec: 0.6110 | Recall: 0.8936 | F1: 0.7257
Epoch 115/200 | Loss: 0.3346 | Acc: 0.7538 | Prec: 0.6123 | Recall: 0.8916 | F1: 0.7260
Epoch 116/200 | Loss: 0.3345 | Acc: 0.7533 | Prec: 0.6116 | Recall: 0.8927 | F1: 0.7259
Epoch 117/200 | Loss: 0.3345 | Acc: 0.7531 | Prec: 0.6114 | Recall: 0.8924 | F1: 0.7257
Epoch 118/200 | Loss: 0.3346 | Acc: 0.7520 | Prec: 0.6097 | Recall: 0.8952 | F1: 0.7253
Epoch 119/200 | Loss: 0.3346 | Acc: 0.7540 | Prec: 0.6126 | Recall: 0.8911 | F1: 0.7261
Epoch 120/200 | Loss: 0.3346 | Acc: 0.7529 | Prec: 0.6112 | Recall: 0.8927 | F1: 0.7256
Epoch 121/200 | Loss: 0.3345 | Acc: 0.7417 | Prec: 0.5979 | Recall: 0.8974 | F1: 0.7177
Epoch 122/200 | Loss: 0.3346 | Acc: 0.7532 | Prec: 0.6113 | Recall: 0.8935 | F1: 0.7260
Epoch 123/200 | Loss: 0.3342 | Acc: 0.7460 | Prec: 0.6028 | Recall: 0.8965 | F1: 0.7209
Epoch 124/200 | Loss: 0.3342 | Acc: 0.7514 | Prec: 0.6090 | Recall: 0.8955 | F1: 0.7250
Epoch 125/200 | Loss: 0.3342 | Acc: 0.7477 | Prec: 0.6046 | Recall: 0.8974 | F1: 0.7225
Epoch 126/200 | Loss: 0.3342 | Acc: 0.7485 | Prec: 0.6054 | Recall: 0.8976 | F1: 0.7231
Epoch 127/200 | Loss: 0.3342 | Acc: 0.7526 | Prec: 0.6106 | Recall: 0.8943 | F1: 0.7257
Epoch 128/200 | Loss: 0.3343 | Acc: 0.7515 | Prec: 0.6090 | Recall: 0.8960 | F1: 0.7252
Epoch 129/200 | Loss: 0.3342 | Acc: 0.7458 | Prec: 0.6023 | Recall: 0.8987 | F1: 0.7212
Epoch 130/200 | Loss: 0.3342 | Acc: 0.7508 | Prec: 0.6083 | Recall: 0.8959 | F1: 0.7246
Epoch 131/200 | Loss: 0.3342 | Acc: 0.7507 | Prec: 0.6081 | Recall: 0.8962 | F1: 0.7246
Epoch 132/200 | Loss: 0.3341 | Acc: 0.7525 | Prec: 0.6104 | Recall: 0.8946 | F1: 0.7256
Epoch 133/200 | Loss: 0.3341 | Acc: 0.7529 | Prec: 0.6109 | Recall: 0.8941 | F1: 0.7258
Epoch 134/200 | Loss: 0.3342 | Acc: 0.7498 | Prec: 0.6069 | Recall: 0.8970 | F1: 0.7240
Epoch 135/200 | Loss: 0.3342 | Acc: 0.7537 | Prec: 0.6122 | Recall: 0.8915 | F1: 0.7259
Epoch 136/200 | Loss: 0.3341 | Acc: 0.7516 | Prec: 0.6093 | Recall: 0.8950 | F1: 0.7250
Epoch 137/200 | Loss: 0.3341 | Acc: 0.7522 | Prec: 0.6100 | Recall: 0.8947 | F1: 0.7254
Epoch 138/200 | Loss: 0.3342 | Acc: 0.7471 | Prec: 0.6038 | Recall: 0.8981 | F1: 0.7221
Epoch 139/200 | Loss: 0.3340 | Acc: 0.7473 | Prec: 0.6040 | Recall: 0.8983 | F1: 0.7223
Epoch 140/200 | Loss: 0.3340 | Acc: 0.7503 | Prec: 0.6075 | Recall: 0.8973 | F1: 0.7245
Epoch 141/200 | Loss: 0.3340 | Acc: 0.7513 | Prec: 0.6089 | Recall: 0.8958 | F1: 0.7250
Epoch 142/200 | Loss: 0.3340 | Acc: 0.7532 | Prec: 0.6113 | Recall: 0.8937 | F1: 0.7260
Epoch 143/200 | Loss: 0.3340 | Acc: 0.7519 | Prec: 0.6096 | Recall: 0.8952 | F1: 0.7253
Epoch 144/200 | Loss: 0.3340 | Acc: 0.7527 | Prec: 0.6106 | Recall: 0.8946 | F1: 0.7258
Epoch 145/200 | Loss: 0.3340 | Acc: 0.7515 | Prec: 0.6090 | Recall: 0.8958 | F1: 0.7251
Epoch 146/200 | Loss: 0.3340 | Acc: 0.7520 | Prec: 0.6097 | Recall: 0.8955 | F1: 0.7255
Epoch 147/200 | Loss: 0.3339 | Acc: 0.7537 | Prec: 0.6120 | Recall: 0.8926 | F1: 0.7261
Epoch 148/200 | Loss: 0.3340 | Acc: 0.7526 | Prec: 0.6105 | Recall: 0.8941 | F1: 0.7256
Epoch 149/200 | Loss: 0.3340 | Acc: 0.7507 | Prec: 0.6079 | Recall: 0.8970 | F1: 0.7247
Epoch 150/200 | Loss: 0.3340 | Acc: 0.7523 | Prec: 0.6101 | Recall: 0.8948 | F1: 0.7256
Epoch 151/200 | Loss: 0.3340 | Acc: 0.7527 | Prec: 0.6107 | Recall: 0.8942 | F1: 0.7257
Epoch 152/200 | Loss: 0.3340 | Acc: 0.7514 | Prec: 0.6090 | Recall: 0.8958 | F1: 0.7251
Epoch 153/200 | Loss: 0.3340 | Acc: 0.7506 | Prec: 0.6081 | Recall: 0.8951 | F1: 0.7242
Epoch 154/200 | Loss: 0.3339 | Acc: 0.7518 | Prec: 0.6095 | Recall: 0.8954 | F1: 0.7253
Epoch 155/200 | Loss: 0.3339 | Acc: 0.7521 | Prec: 0.6098 | Recall: 0.8951 | F1: 0.7254
Epoch 156/200 | Loss: 0.3339 | Acc: 0.7512 | Prec: 0.6087 | Recall: 0.8961 | F1: 0.7249
Epoch 157/200 | Loss: 0.3340 | Acc: 0.7535 | Prec: 0.6118 | Recall: 0.8928 | F1: 0.7261
Epoch 158/200 | Loss: 0.3339 | Acc: 0.7521 | Prec: 0.6098 | Recall: 0.8954 | F1: 0.7255
Epoch 159/200 | Loss: 0.3339 | Acc: 0.7529 | Prec: 0.6109 | Recall: 0.8940 | F1: 0.7258
Epoch 160/200 | Loss: 0.3339 | Acc: 0.7508 | Prec: 0.6082 | Recall: 0.8960 | F1: 0.7246
Epoch 161/200 | Loss: 0.3339 | Acc: 0.7513 | Prec: 0.6088 | Recall: 0.8960 | F1: 0.7250
Epoch 162/200 | Loss: 0.3339 | Acc: 0.7497 | Prec: 0.6069 | Recall: 0.8967 | F1: 0.7238
Epoch 163/200 | Loss: 0.3338 | Acc: 0.7526 | Prec: 0.6105 | Recall: 0.8945 | F1: 0.7257
Epoch 164/200 | Loss: 0.3339 | Acc: 0.7522 | Prec: 0.6100 | Recall: 0.8946 | F1: 0.7254
Epoch 165/200 | Loss: 0.3339 | Acc: 0.7522 | Prec: 0.6099 | Recall: 0.8952 | F1: 0.7255
Epoch 166/200 | Loss: 0.3338 | Acc: 0.7517 | Prec: 0.6093 | Recall: 0.8955 | F1: 0.7252
Epoch 167/200 | Loss: 0.3338 | Acc: 0.7511 | Prec: 0.6086 | Recall: 0.8959 | F1: 0.7248
Epoch 168/200 | Loss: 0.3339 | Acc: 0.7526 | Prec: 0.6105 | Recall: 0.8947 | F1: 0.7258
Epoch 169/200 | Loss: 0.3338 | Acc: 0.7514 | Prec: 0.6090 | Recall: 0.8959 | F1: 0.7251
Epoch 170/200 | Loss: 0.3339 | Acc: 0.7519 | Prec: 0.6096 | Recall: 0.8955 | F1: 0.7254
Epoch 171/200 | Loss: 0.3338 | Acc: 0.7523 | Prec: 0.6101 | Recall: 0.8946 | F1: 0.7255
Epoch 172/200 | Loss: 0.3338 | Acc: 0.7516 | Prec: 0.6092 | Recall: 0.8954 | F1: 0.7251
Epoch 173/200 | Loss: 0.3338 | Acc: 0.7527 | Prec: 0.6105 | Recall: 0.8946 | F1: 0.7258
Epoch 174/200 | Loss: 0.3338 | Acc: 0.7520 | Prec: 0.6096 | Recall: 0.8955 | F1: 0.7254
Epoch 175/200 | Loss: 0.3338 | Acc: 0.7520 | Prec: 0.6097 | Recall: 0.8953 | F1: 0.7254
Epoch 176/200 | Loss: 0.3338 | Acc: 0.7507 | Prec: 0.6081 | Recall: 0.8964 | F1: 0.7246
Epoch 177/200 | Loss: 0.3339 | Acc: 0.7512 | Prec: 0.6087 | Recall: 0.8960 | F1: 0.7249
Epoch 178/200 | Loss: 0.3338 | Acc: 0.7500 | Prec: 0.6072 | Recall: 0.8967 | F1: 0.7241
Epoch 179/200 | Loss: 0.3338 | Acc: 0.7512 | Prec: 0.6087 | Recall: 0.8959 | F1: 0.7249
Epoch 180/200 | Loss: 0.3338 | Acc: 0.7523 | Prec: 0.6100 | Recall: 0.8951 | F1: 0.7256
Epoch 181/200 | Loss: 0.3338 | Acc: 0.7511 | Prec: 0.6086 | Recall: 0.8961 | F1: 0.7249
Epoch 182/200 | Loss: 0.3338 | Acc: 0.7502 | Prec: 0.6074 | Recall: 0.8968 | F1: 0.7243
Epoch 183/200 | Loss: 0.3338 | Acc: 0.7498 | Prec: 0.6071 | Recall: 0.8960 | F1: 0.7238
Epoch 184/200 | Loss: 0.3338 | Acc: 0.7510 | Prec: 0.6085 | Recall: 0.8961 | F1: 0.7248
Epoch 185/200 | Loss: 0.3338 | Acc: 0.7525 | Prec: 0.6103 | Recall: 0.8949 | F1: 0.7257
Epoch 186/200 | Loss: 0.3338 | Acc: 0.7507 | Prec: 0.6081 | Recall: 0.8964 | F1: 0.7246
Epoch 187/200 | Loss: 0.3338 | Acc: 0.7500 | Prec: 0.6072 | Recall: 0.8969 | F1: 0.7242
Epoch 188/200 | Loss: 0.3338 | Acc: 0.7505 | Prec: 0.6078 | Recall: 0.8967 | F1: 0.7245
Epoch 189/200 | Loss: 0.3338 | Acc: 0.7511 | Prec: 0.6085 | Recall: 0.8963 | F1: 0.7249
Epoch 190/200 | Loss: 0.3338 | Acc: 0.7501 | Prec: 0.6073 | Recall: 0.8967 | F1: 0.7241
Epoch 191/200 | Loss: 0.3338 | Acc: 0.7518 | Prec: 0.6095 | Recall: 0.8956 | F1: 0.7253
Epoch 192/200 | Loss: 0.3338 | Acc: 0.7523 | Prec: 0.6100 | Recall: 0.8951 | F1: 0.7256
Epoch 193/200 | Loss: 0.3338 | Acc: 0.7507 | Prec: 0.6081 | Recall: 0.8967 | F1: 0.7247
Epoch 194/200 | Loss: 0.3338 | Acc: 0.7524 | Prec: 0.6102 | Recall: 0.8948 | F1: 0.7256
Epoch 195/200 | Loss: 0.3338 | Acc: 0.7513 | Prec: 0.6088 | Recall: 0.8961 | F1: 0.7250
Epoch 196/200 | Loss: 0.3338 | Acc: 0.7483 | Prec: 0.6052 | Recall: 0.8975 | F1: 0.7229
Epoch 197/200 | Loss: 0.3338 | Acc: 0.7519 | Prec: 0.6096 | Recall: 0.8954 | F1: 0.7254
Epoch 198/200 | Loss: 0.3338 | Acc: 0.7517 | Prec: 0.6093 | Recall: 0.8957 | F1: 0.7253
Epoch 199/200 | Loss: 0.3338 | Acc: 0.7516 | Prec: 0.6093 | Recall: 0.8954 | F1: 0.7251
Epoch 200/200 | Loss: 0.3338 | Acc: 0.7502 | Prec: 0.6075 | Recall: 0.8968 | F1: 0.7243
Saved training_curves.png
Saved acc_model.onnx
Saved normalization.json
